<?xml version="1.0" encoding="UTF-8"?>
<testsuite name="CommonOperatorsTask3Tests" tests="1" skipped="0" failures="0" errors="0" timestamp="2022-12-17T19:28:47" hostname="DESKTOP-OKD27UT" time="0.164">
  <properties/>
  <testcase name="testSolution()" classname="CommonOperatorsTask3Tests" time="0.164"/>
  <system-out><![CDATA[21:28:47.129 [Test worker] DEBUG reactor.util.Loggers - Using Slf4j logging framework
]]></system-out>
  <system-err><![CDATA[]]></system-err>
</testsuite>
