<?xml version="1.0" encoding="UTF-8"?>
<testsuite name="CommonOperatorsTask2Tests" tests="1" skipped="0" failures="0" errors="0" timestamp="2022-12-17T19:20:20" hostname="DESKTOP-OKD27UT" time="0.157">
  <properties/>
  <testcase name="testSolution()" classname="CommonOperatorsTask2Tests" time="0.157"/>
  <system-out><![CDATA[21:20:20.129 [Test worker] DEBUG reactor.util.Loggers - Using Slf4j logging framework
]]></system-out>
  <system-err><![CDATA[]]></system-err>
</testsuite>
