<?xml version="1.0" encoding="UTF-8"?>
<testsuite name="CommonOperatorsTask8Tests" tests="1" skipped="0" failures="0" errors="0" timestamp="2022-12-17T19:39:09" hostname="DESKTOP-OKD27UT" time="0.184">
  <properties/>
  <testcase name="testSolution()" classname="CommonOperatorsTask8Tests" time="0.184"/>
  <system-out><![CDATA[21:39:09.660 [Test worker] DEBUG reactor.util.Loggers - Using Slf4j logging framework
]]></system-out>
  <system-err><![CDATA[]]></system-err>
</testsuite>
