<?xml version="1.0" encoding="UTF-8"?>
<testsuite name="CommonPublishersTask6Tests" tests="2" skipped="0" failures="0" errors="0" timestamp="2022-12-17T19:03:51" hostname="DESKTOP-OKD27UT" time="0.129">
  <properties/>
  <testcase name="testValid()" classname="CommonPublishersTask6Tests" time="0.127"/>
  <testcase name="testInvalid()" classname="CommonPublishersTask6Tests" time="0.001"/>
  <system-out><![CDATA[21:03:51.957 [Test worker] DEBUG reactor.util.Loggers - Using Slf4j logging framework
]]></system-out>
  <system-err><![CDATA[]]></system-err>
</testsuite>
