<?xml version="1.0" encoding="UTF-8"?>
<testsuite name="TestingTask2Tests" tests="1" skipped="0" failures="0" errors="0" timestamp="2022-12-17T20:01:47" hostname="DESKTOP-OKD27UT" time="0.227">
  <properties/>
  <testcase name="testSolution()" classname="TestingTask2Tests" time="0.227"/>
  <system-out><![CDATA[22:01:47.911 [Thread-3] DEBUG reactor.util.Loggers - Using Slf4j logging framework
]]></system-out>
  <system-err><![CDATA[]]></system-err>
</testsuite>
