<?xml version="1.0" encoding="UTF-8"?>
<testsuite name="TestingTask1Tests" tests="1" skipped="0" failures="0" errors="0" timestamp="2022-12-17T19:47:15" hostname="DESKTOP-OKD27UT" time="0.155">
  <properties/>
  <testcase name="testSolution()" classname="TestingTask1Tests" time="0.155"/>
  <system-out><![CDATA[21:47:15.622 [Test worker] DEBUG reactor.util.Loggers - Using Slf4j logging framework
]]></system-out>
  <system-err><![CDATA[]]></system-err>
</testsuite>
