<?xml version="1.0" encoding="UTF-8"?>
<testsuite name="TestingTask3Tests" tests="1" skipped="0" failures="0" errors="0" timestamp="2022-12-17T20:04:30" hostname="DESKTOP-OKD27UT" time="0.225">
  <properties/>
  <testcase name="testSolution()" classname="TestingTask3Tests" time="0.225"/>
  <system-out><![CDATA[22:04:30.145 [Test worker] DEBUG reactor.util.Loggers - Using Slf4j logging framework
]]></system-out>
  <system-err><![CDATA[]]></system-err>
</testsuite>
