<?xml version="1.0" encoding="UTF-8"?>
<testsuite name="CPTask4Tests" tests="1" skipped="0" failures="0" errors="0" timestamp="2022-12-23T11:15:46" hostname="DESKTOP-OKD27UT" time="0.303">
  <properties/>
  <testcase name="uploadTest()" classname="CPTask4Tests" time="0.303"/>
  <system-out><![CDATA[13:15:46.430 [Test worker] DEBUG reactor.util.Loggers - Using Slf4j logging framework
]]></system-out>
  <system-err><![CDATA[]]></system-err>
</testsuite>
