<?xml version="1.0" encoding="UTF-8"?>
<testsuite name="CommonOperatorsTask6Tests" tests="1" skipped="0" failures="0" errors="0" timestamp="2022-12-17T19:36:53" hostname="DESKTOP-OKD27UT" time="0.178">
  <properties/>
  <testcase name="testSolution()" classname="CommonOperatorsTask6Tests" time="0.178"/>
  <system-out><![CDATA[21:36:53.541 [Test worker] DEBUG reactor.util.Loggers - Using Slf4j logging framework
]]></system-out>
  <system-err><![CDATA[]]></system-err>
</testsuite>
