<?xml version="1.0" encoding="UTF-8"?>
<testsuite name="CommonPublishersTask2Tests" tests="1" skipped="0" failures="0" errors="0" timestamp="2022-12-17T18:38:49" hostname="DESKTOP-OKD27UT" time="0.524">
  <properties/>
  <testcase name="testSolution()" classname="CommonPublishersTask2Tests" time="0.524"/>
  <system-out><![CDATA[20:38:50.236 [Test worker] DEBUG reactor.util.Loggers - Using Slf4j logging framework
]]></system-out>
  <system-err><![CDATA[]]></system-err>
</testsuite>
