<?xml version="1.0" encoding="UTF-8"?>
<testsuite name="CommonOperatorsTask9Tests" tests="1" skipped="0" failures="0" errors="0" timestamp="2022-12-17T19:39:49" hostname="DESKTOP-OKD27UT" time="0.742">
  <properties/>
  <testcase name="testSolution()" classname="CommonOperatorsTask9Tests" time="0.742"/>
  <system-out><![CDATA[21:39:49.930 [Test worker] DEBUG reactor.util.Loggers - Using Slf4j logging framework
]]></system-out>
  <system-err><![CDATA[]]></system-err>
</testsuite>
