<?xml version="1.0" encoding="UTF-8"?>
<testsuite name="CommonOperatorsTask4Tests" tests="1" skipped="0" failures="0" errors="0" timestamp="2022-12-17T19:29:24" hostname="DESKTOP-OKD27UT" time="0.15">
  <properties/>
  <testcase name="testSolution()" classname="CommonOperatorsTask4Tests" time="0.15"/>
  <system-out><![CDATA[21:29:24.457 [Test worker] DEBUG reactor.util.Loggers - Using Slf4j logging framework
]]></system-out>
  <system-err><![CDATA[]]></system-err>
</testsuite>
