<?xml version="1.0" encoding="UTF-8"?>
<testsuite name="CommonOperatorsTask11Tests" tests="1" skipped="0" failures="0" errors="0" timestamp="2022-12-17T19:45:33" hostname="DESKTOP-OKD27UT" time="0.186">
  <properties/>
  <testcase name="testSolution()" classname="CommonOperatorsTask11Tests" time="0.186"/>
  <system-out><![CDATA[21:45:33.541 [Test worker] DEBUG reactor.util.Loggers - Using Slf4j logging framework
]]></system-out>
  <system-err><![CDATA[]]></system-err>
</testsuite>
