<?xml version="1.0" encoding="UTF-8"?>
<testsuite name="CommonPublishersTask1Tests" tests="2" skipped="0" failures="0" errors="0" timestamp="2022-12-17T18:27:25" hostname="DESKTOP-OKD27UT" time="0.2">
  <properties/>
  <testcase name="testCorrectFluxTypeUsed()" classname="CommonPublishersTask1Tests" time="0.182"/>
  <testcase name="testResultIsCorrect()" classname="CommonPublishersTask1Tests" time="0.017"/>
  <system-out><![CDATA[20:27:25.288 [Test worker] DEBUG reactor.util.Loggers - Using Slf4j logging framework
20:27:25.291 [Test worker] DEBUG reactor.core.publisher.Hooks - Hooking onEachOperator: CommonPublishersTask1Tests$$Lambda$315/0x00000001001dcc40@61a97a
20:27:25.367 [Test worker] DEBUG reactor.core.publisher.Hooks - Reset to factory defaults : onEachOperator
]]></system-out>
  <system-err><![CDATA[]]></system-err>
</testsuite>
