<?xml version="1.0" encoding="UTF-8"?>
<testsuite name="CommonOperatorsTask5Tests" tests="1" skipped="0" failures="0" errors="0" timestamp="2022-12-17T19:33:52" hostname="DESKTOP-OKD27UT" time="0.152">
  <properties/>
  <testcase name="testSolution()" classname="CommonOperatorsTask5Tests" time="0.152"/>
  <system-out><![CDATA[21:33:52.705 [Test worker] DEBUG reactor.util.Loggers - Using Slf4j logging framework
]]></system-out>
  <system-err><![CDATA[]]></system-err>
</testsuite>
