<?xml version="1.0" encoding="UTF-8"?>
<testsuite name="CommonPublishersTask3Tests" tests="1" skipped="0" failures="0" errors="0" timestamp="2022-12-17T18:41:31" hostname="DESKTOP-OKD27UT" time="0.565">
  <properties/>
  <testcase name="testSolution()" classname="CommonPublishersTask3Tests" time="0.565"/>
  <system-out><![CDATA[20:41:31.765 [Test worker] DEBUG reactor.util.Loggers - Using Slf4j logging framework
]]></system-out>
  <system-err><![CDATA[]]></system-err>
</testsuite>
