<?xml version="1.0" encoding="UTF-8"?>
<testsuite name="CommonPublishersTask5Tests" tests="1" skipped="0" failures="0" errors="0" timestamp="2022-12-17T19:00:52" hostname="DESKTOP-OKD27UT" time="0.122">
  <properties/>
  <testcase name="testSolution()" classname="CommonPublishersTask5Tests" time="0.122"/>
  <system-out><![CDATA[21:00:52.848 [Test worker] DEBUG reactor.util.Loggers - Using Slf4j logging framework
]]></system-out>
  <system-err><![CDATA[]]></system-err>
</testsuite>
