<?xml version="1.0" encoding="UTF-8"?>
<testsuite name="CommonOperatorsTask10Tests" tests="1" skipped="0" failures="0" errors="0" timestamp="2022-12-17T19:40:12" hostname="DESKTOP-OKD27UT" time="0.249">
  <properties/>
  <testcase name="testSolution()" classname="CommonOperatorsTask10Tests" time="0.249"/>
  <system-out><![CDATA[21:40:12.454 [Test worker] DEBUG reactor.util.Loggers - Using Slf4j logging framework
]]></system-out>
  <system-err><![CDATA[]]></system-err>
</testsuite>
